\BOOKMARK [1][-]{section*.1}{\376\377\000A\000b\000s\000t\000r\000a\000c\000t}{}% 1
\BOOKMARK [1][-]{section.1}{\376\377\0001\000\040\000I\000n\000t\000r\000o\000d\000u\000c\000t\000i\000o\000n}{}% 2
\BOOKMARK [1][-]{section.2}{\376\377\0002\000\040\000M\000i\000n\000i\000m\000a\000x\000\040\000A\000l\000g\000o\000r\000i\000t\000h\000m}{}% 3
\BOOKMARK [2][-]{subsection.2.1}{\376\377\0002\000.\0001\000\040\000M\000i\000n\000i\000m\000a\000x}{section.2}% 4
\BOOKMARK [2][-]{subsection.2.2}{\376\377\0002\000.\0002\000\040\000A\000l\000p\000h\000a\000-\000B\000e\000t\000a\000\040\000P\000r\000u\000n\000i\000n\000g}{section.2}% 5
\BOOKMARK [2][-]{subsection.2.3}{\376\377\0002\000.\0003\000\040\000C\000a\000l\000c\000u\000l\000a\000t\000i\000n\000g\000\040\000t\000h\000e\000\040\000B\000e\000s\000t\000\040\000M\000o\000v\000e}{section.2}% 6
\BOOKMARK [1][-]{section.3}{\376\377\0003\000\040\000R\000e\000l\000a\000t\000e\000d\000\040\000W\000o\000r\000k\000s}{}% 7
\BOOKMARK [1][-]{section.4}{\376\377\0004\000\040\000C\000P\000U\000\040\000I\000m\000p\000l\000e\000m\000e\000n\000t\000a\000t\000i\000o\000n\000s}{}% 8
\BOOKMARK [1][-]{section.5}{\376\377\0005\000\040\000G\000P\000U\000\040\000I\000m\000p\000l\000e\000m\000e\000n\000t\000a\000t\000i\000o\000n\000s}{}% 9
\BOOKMARK [2][-]{subsection.5.1}{\376\377\0005\000.\0001\000\040\000N\000a\000i\000v\000e\000\040\000C\000U\000D\000A}{section.5}% 10
\BOOKMARK [2][-]{subsection.5.2}{\376\377\0005\000.\0002\000\040\000S\000e\000q\000u\000e\000n\000t\000i\000a\000l\000-\000p\000a\000r\000a\000l\000l\000e\000l\000\040\000C\000U\000D\000A}{section.5}% 11
\BOOKMARK [2][-]{subsection.5.3}{\376\377\0005\000.\0003\000\040\000P\000V\000S\000\040\000C\000U\000D\000A}{section.5}% 12
\BOOKMARK [2][-]{subsection.5.4}{\376\377\0005\000.\0004\000\040\000D\000y\000n\000a\000m\000i\000c\000\040\000P\000a\000r\000a\000l\000l\000e\000l\000i\000s\000m\000\040\000C\000U\000D\000A}{section.5}% 13
\BOOKMARK [1][-]{section.6}{\376\377\0006\000\040\000E\000x\000p\000e\000r\000i\000m\000e\000n\000t\000a\000l\000\040\000D\000e\000s\000i\000g\000n}{}% 14
\BOOKMARK [2][-]{subsection.6.1}{\376\377\0006\000.\0001\000\040\000E\000x\000p\000e\000r\000i\000m\000e\000n\000t\000s}{section.6}% 15
\BOOKMARK [2][-]{subsection.6.2}{\376\377\0006\000.\0002\000\040\000E\000x\000p\000e\000r\000i\000m\000e\000n\000t\000\040\000S\000e\000t\000u\000p}{section.6}% 16
\BOOKMARK [2][-]{subsection.6.3}{\376\377\0006\000.\0003\000\040\000T\000e\000s\000t\000i\000n\000g\000\040\000f\000o\000r\000\040\000C\000o\000r\000r\000e\000c\000t\000n\000e\000s\000s}{section.6}% 17
\BOOKMARK [1][-]{section.7}{\376\377\0007\000\040\000R\000e\000s\000u\000l\000t\000s}{}% 18
\BOOKMARK [2][-]{subsection.7.1}{\376\377\0007\000.\0001\000\040\000S\000e\000r\000i\000a\000l}{section.7}% 19
\BOOKMARK [2][-]{subsection.7.2}{\376\377\0007\000.\0002\000\040\000O\000p\000e\000n\000M\000P}{section.7}% 20
\BOOKMARK [2][-]{subsection.7.3}{\376\377\0007\000.\0003\000\040\000N\000a\000i\000v\000e\000\040\000C\000U\000D\000A}{section.7}% 21
\BOOKMARK [2][-]{subsection.7.4}{\376\377\0007\000.\0004\000\040\000S\000e\000q\000u\000e\000n\000t\000i\000a\000l\000-\000P\000a\000r\000a\000l\000l\000e\000l\000\040\000C\000U\000D\000A}{section.7}% 22
\BOOKMARK [2][-]{subsection.7.5}{\376\377\0007\000.\0005\000\040\000P\000V\000S\000\040\000C\000U\000D\000A}{section.7}% 23
\BOOKMARK [2][-]{subsection.7.6}{\376\377\0007\000.\0006\000\040\000D\000y\000n\000a\000m\000i\000c\000\040\000P\000a\000r\000a\000l\000l\000e\000l\000i\000s\000m\000\040\000C\000U\000D\000A}{section.7}% 24
\BOOKMARK [2][-]{subsection.7.7}{\376\377\0007\000.\0007\000\040\000O\000v\000e\000r\000a\000l\000l\000\040\000S\000p\000e\000e\000d\000u\000p\000\040\000C\000o\000m\000p\000a\000r\000i\000s\000o\000n}{section.7}% 25
\BOOKMARK [2][-]{subsection.7.8}{\376\377\0007\000.\0008\000\040\000T\000e\000s\000t\000\040\000a\000\040\000W\000h\000o\000l\000e\000\040\000G\000a\000m\000e}{section.7}% 26
\BOOKMARK [1][-]{section.8}{\376\377\0008\000\040\000C\000o\000n\000c\000l\000u\000s\000i\000o\000n\000\040\000a\000n\000d\000\040\000F\000u\000t\000u\000r\000e\000\040\000w\000o\000r\000k}{}% 27
\BOOKMARK [1][-]{section*.25}{\376\377\000R\000e\000f\000e\000r\000e\000n\000c\000e\000s}{}% 28
